mode: count
github.com/reangeline/workout-plan-go/docs/docs.go:210.13,212.2 1 1
github.com/reangeline/workout-plan-go/internal/domain/entities/training.go:15.78,23.16 3 0
github.com/reangeline/workout-plan-go/internal/domain/entities/training.go:27.2,27.22 1 0
github.com/reangeline/workout-plan-go/internal/domain/entities/training.go:23.16,25.3 1 0
github.com/reangeline/workout-plan-go/internal/domain/entities/training.go:30.28,32.2 1 0
github.com/reangeline/workout-plan-go/internal/domain/entities/training.go:34.36,36.25 1 0
github.com/reangeline/workout-plan-go/internal/domain/entities/training.go:39.2,39.12 1 0
github.com/reangeline/workout-plan-go/internal/domain/entities/training.go:36.25,38.3 1 0
github.com/reangeline/workout-plan-go/internal/infra/database/postgres/sqlc/exercise_query.sql.go:27.87,35.2 2 0
github.com/reangeline/workout-plan-go/internal/infra/database/postgres/sqlc/exercise_query.sql.go:48.111,51.2 2 0
github.com/reangeline/workout-plan-go/internal/infra/database/postgres/sqlc/training_query.sql.go:26.87,29.2 2 0
github.com/reangeline/workout-plan-go/internal/domain/entities/exercise.go:17.118,27.16 3 1
github.com/reangeline/workout-plan-go/internal/domain/entities/exercise.go:31.2,33.22 2 1
github.com/reangeline/workout-plan-go/internal/domain/entities/exercise.go:27.16,29.3 1 0
github.com/reangeline/workout-plan-go/internal/domain/entities/exercise.go:36.28,38.2 1 1
github.com/reangeline/workout-plan-go/internal/domain/entities/exercise.go:40.36,41.26 1 3
github.com/reangeline/workout-plan-go/internal/domain/entities/exercise.go:45.2,45.29 1 2
github.com/reangeline/workout-plan-go/internal/domain/entities/exercise.go:50.2,50.25 1 2
github.com/reangeline/workout-plan-go/internal/domain/entities/exercise.go:54.2,54.20 1 2
github.com/reangeline/workout-plan-go/internal/domain/entities/exercise.go:57.2,57.12 1 2
github.com/reangeline/workout-plan-go/internal/domain/entities/exercise.go:41.26,43.3 1 1
github.com/reangeline/workout-plan-go/internal/domain/entities/exercise.go:45.29,48.3 1 0
github.com/reangeline/workout-plan-go/internal/domain/entities/exercise.go:50.25,52.3 1 0
github.com/reangeline/workout-plan-go/internal/domain/entities/exercise.go:54.20,56.3 1 0
github.com/reangeline/workout-plan-go/internal/domain/usecases/training_usecase.go:15.103,17.2 1 0
github.com/reangeline/workout-plan-go/internal/domain/usecases/training_usecase.go:19.102,22.16 2 0
github.com/reangeline/workout-plan-go/internal/domain/usecases/training_usecase.go:26.2,26.75 1 0
github.com/reangeline/workout-plan-go/internal/domain/usecases/training_usecase.go:30.2,30.12 1 0
github.com/reangeline/workout-plan-go/internal/domain/usecases/training_usecase.go:22.16,24.3 1 0
github.com/reangeline/workout-plan-go/internal/domain/usecases/training_usecase.go:26.75,28.3 1 0
github.com/reangeline/workout-plan-go/tests/unit/internal/infra/database/exercise_repository_memory.go:13.62,17.2 1 0
github.com/reangeline/workout-plan-go/tests/unit/internal/infra/database/exercise_repository_memory.go:19.107,22.2 2 0
github.com/reangeline/workout-plan-go/internal/domain/usecases/user_usecase.go:16.87,18.2 1 0
github.com/reangeline/workout-plan-go/internal/domain/usecases/user_usecase.go:24.90,28.13 2 0
github.com/reangeline/workout-plan-go/internal/domain/usecases/user_usecase.go:32.2,33.16 2 0
github.com/reangeline/workout-plan-go/internal/domain/usecases/user_usecase.go:37.2,37.63 1 0
github.com/reangeline/workout-plan-go/internal/domain/usecases/user_usecase.go:41.2,41.12 1 0
github.com/reangeline/workout-plan-go/internal/domain/usecases/user_usecase.go:28.13,30.3 1 0
github.com/reangeline/workout-plan-go/internal/domain/usecases/user_usecase.go:33.16,35.3 1 0
github.com/reangeline/workout-plan-go/internal/domain/usecases/user_usecase.go:37.63,39.3 1 0
github.com/reangeline/workout-plan-go/internal/domain/usecases/user_usecase.go:44.68,46.16 2 0
github.com/reangeline/workout-plan-go/internal/domain/usecases/user_usecase.go:50.2,50.27 1 0
github.com/reangeline/workout-plan-go/internal/domain/usecases/user_usecase.go:54.2,54.18 1 0
github.com/reangeline/workout-plan-go/internal/domain/usecases/user_usecase.go:46.16,48.3 1 0
github.com/reangeline/workout-plan-go/internal/domain/usecases/user_usecase.go:50.27,52.3 1 0
github.com/reangeline/workout-plan-go/internal/domain/usecases/user_usecase.go:57.78,60.16 2 0
github.com/reangeline/workout-plan-go/internal/domain/usecases/user_usecase.go:64.2,64.18 1 0
github.com/reangeline/workout-plan-go/internal/domain/usecases/user_usecase.go:60.16,62.3 1 0
github.com/reangeline/workout-plan-go/internal/validation/validators/exercise_validator.go:9.48,11.2 1 0
github.com/reangeline/workout-plan-go/internal/validation/validators/exercise_validator.go:13.89,16.2 1 0
github.com/reangeline/workout-plan-go/internal/domain/entities/training_user.go:13.68,24.16 3 0
github.com/reangeline/workout-plan-go/internal/domain/entities/training_user.go:28.2,28.28 1 0
github.com/reangeline/workout-plan-go/internal/domain/entities/training_user.go:24.16,26.3 1 0
github.com/reangeline/workout-plan-go/internal/domain/entities/training_user.go:31.42,34.2 1 0
github.com/reangeline/workout-plan-go/internal/infra/database/postgres/sqlc/db.go:19.28,21.2 1 0
github.com/reangeline/workout-plan-go/internal/infra/database/postgres/sqlc/db.go:27.47,31.2 1 0
github.com/reangeline/workout-plan-go/internal/validation/validators/user_validator.go:12.40,14.2 1 0
github.com/reangeline/workout-plan-go/internal/validation/validators/user_validator.go:16.73,18.40 1 0
github.com/reangeline/workout-plan-go/internal/validation/validators/user_validator.go:22.2,22.12 1 0
github.com/reangeline/workout-plan-go/internal/validation/validators/user_validator.go:18.40,20.3 1 0
github.com/reangeline/workout-plan-go/cmd/app/main.go:30.13,32.16 2 0
github.com/reangeline/workout-plan-go/cmd/app/main.go:36.2,43.16 4 0
github.com/reangeline/workout-plan-go/cmd/app/main.go:47.2,48.16 2 0
github.com/reangeline/workout-plan-go/cmd/app/main.go:52.2,53.16 2 0
github.com/reangeline/workout-plan-go/cmd/app/main.go:57.2,58.16 2 0
github.com/reangeline/workout-plan-go/cmd/app/main.go:62.2,69.18 6 0
github.com/reangeline/workout-plan-go/cmd/app/main.go:32.16,33.17 1 0
github.com/reangeline/workout-plan-go/cmd/app/main.go:43.16,44.13 1 0
github.com/reangeline/workout-plan-go/cmd/app/main.go:48.16,50.3 1 0
github.com/reangeline/workout-plan-go/cmd/app/main.go:53.16,55.3 1 0
github.com/reangeline/workout-plan-go/cmd/app/main.go:58.16,60.3 1 0
github.com/reangeline/workout-plan-go/internal/domain/usecases/execise_usecase.go:17.20,19.2 1 0
github.com/reangeline/workout-plan-go/internal/domain/usecases/execise_usecase.go:21.102,23.16 2 0
github.com/reangeline/workout-plan-go/internal/domain/usecases/execise_usecase.go:27.2,27.75 1 0
github.com/reangeline/workout-plan-go/internal/domain/usecases/execise_usecase.go:31.2,31.12 1 0
github.com/reangeline/workout-plan-go/internal/domain/usecases/execise_usecase.go:23.16,25.3 1 0
github.com/reangeline/workout-plan-go/internal/domain/usecases/execise_usecase.go:27.75,29.3 1 0
github.com/reangeline/workout-plan-go/tests/unit/internal/infra/database/user_repository_memory.go:15.54,19.2 1 0
github.com/reangeline/workout-plan-go/tests/unit/internal/infra/database/user_repository_memory.go:21.91,24.2 2 0
github.com/reangeline/workout-plan-go/tests/unit/internal/infra/database/user_repository_memory.go:26.87,29.9 2 0
github.com/reangeline/workout-plan-go/tests/unit/internal/infra/database/user_repository_memory.go:33.2,38.8 1 0
github.com/reangeline/workout-plan-go/tests/unit/internal/infra/database/user_repository_memory.go:29.9,31.3 1 0
github.com/reangeline/workout-plan-go/internal/infra/database/user_repository.go:18.56,23.2 1 0
github.com/reangeline/workout-plan-go/internal/infra/database/user_repository.go:25.90,27.16 2 0
github.com/reangeline/workout-plan-go/internal/infra/database/user_repository.go:30.2,32.16 3 0
github.com/reangeline/workout-plan-go/internal/infra/database/user_repository.go:38.2,38.20 1 0
github.com/reangeline/workout-plan-go/internal/infra/database/user_repository.go:27.16,29.3 1 0
github.com/reangeline/workout-plan-go/internal/infra/database/user_repository.go:32.16,33.43 1 0
github.com/reangeline/workout-plan-go/internal/infra/database/user_repository.go:36.3,36.13 1 0
github.com/reangeline/workout-plan-go/internal/infra/database/user_repository.go:33.43,35.4 1 0
github.com/reangeline/workout-plan-go/internal/infra/database/user_repository.go:41.85,43.51 1 0
github.com/reangeline/workout-plan-go/internal/infra/database/user_repository.go:62.2,62.16 1 0
github.com/reangeline/workout-plan-go/internal/infra/database/user_repository.go:66.2,66.12 1 0
github.com/reangeline/workout-plan-go/internal/infra/database/user_repository.go:43.51,54.17 4 0
github.com/reangeline/workout-plan-go/internal/infra/database/user_repository.go:58.3,58.13 1 0
github.com/reangeline/workout-plan-go/internal/infra/database/user_repository.go:54.17,56.4 1 0
github.com/reangeline/workout-plan-go/internal/infra/database/user_repository.go:62.16,65.3 2 0
github.com/reangeline/workout-plan-go/internal/infra/database/user_repository.go:69.81,72.16 3 0
github.com/reangeline/workout-plan-go/internal/infra/database/user_repository.go:76.2,81.8 1 0
github.com/reangeline/workout-plan-go/internal/infra/database/user_repository.go:72.16,74.3 1 0
github.com/reangeline/workout-plan-go/internal/infra/http/controllers/exercise_controller.go:17.155,22.2 1 0
github.com/reangeline/workout-plan-go/internal/infra/http/controllers/exercise_controller.go:34.85,39.16 4 0
github.com/reangeline/workout-plan-go/internal/infra/http/controllers/exercise_controller.go:52.2,54.16 3 0
github.com/reangeline/workout-plan-go/internal/infra/http/controllers/exercise_controller.go:59.2,59.35 1 0
github.com/reangeline/workout-plan-go/internal/infra/http/controllers/exercise_controller.go:39.16,44.3 4 0
github.com/reangeline/workout-plan-go/internal/infra/http/controllers/exercise_controller.go:54.16,57.3 2 0
github.com/reangeline/workout-plan-go/internal/infra/http/controllers/user_controller.go:21.131,26.2 1 0
github.com/reangeline/workout-plan-go/internal/infra/http/controllers/user_controller.go:38.77,43.16 4 0
github.com/reangeline/workout-plan-go/internal/infra/http/controllers/user_controller.go:50.2,51.16 2 0
github.com/reangeline/workout-plan-go/internal/infra/http/controllers/user_controller.go:56.2,58.16 3 0
github.com/reangeline/workout-plan-go/internal/infra/http/controllers/user_controller.go:63.2,63.35 1 0
github.com/reangeline/workout-plan-go/internal/infra/http/controllers/user_controller.go:43.16,48.3 4 0
github.com/reangeline/workout-plan-go/internal/infra/http/controllers/user_controller.go:51.16,54.3 2 0
github.com/reangeline/workout-plan-go/internal/infra/http/controllers/user_controller.go:58.16,61.3 2 0
github.com/reangeline/workout-plan-go/internal/infra/http/routes/exercise_routes.go:8.78,11.43 2 0
github.com/reangeline/workout-plan-go/internal/infra/http/routes/exercise_routes.go:15.2,15.10 1 0
github.com/reangeline/workout-plan-go/internal/infra/http/routes/exercise_routes.go:11.43,13.3 1 0
github.com/reangeline/workout-plan-go/internal/infra/http/routes/user_routes.go:8.70,11.39 2 0
github.com/reangeline/workout-plan-go/internal/infra/http/routes/user_routes.go:15.2,15.10 1 0
github.com/reangeline/workout-plan-go/internal/infra/http/routes/user_routes.go:11.39,13.3 1 0
github.com/reangeline/workout-plan-go/pkg/entities/id.go:7.17,9.2 1 2
github.com/reangeline/workout-plan-go/pkg/entities/id.go:11.36,14.2 2 1
github.com/reangeline/workout-plan-go/internal/domain/entities/user.go:16.85,27.16 4 1
github.com/reangeline/workout-plan-go/internal/domain/entities/user.go:31.2,31.18 1 1
github.com/reangeline/workout-plan-go/internal/domain/entities/user.go:27.16,29.3 1 0
github.com/reangeline/workout-plan-go/internal/domain/entities/user.go:34.24,36.2 1 1
github.com/reangeline/workout-plan-go/internal/domain/entities/user.go:38.32,40.22 1 3
github.com/reangeline/workout-plan-go/internal/domain/entities/user.go:44.2,44.19 1 2
github.com/reangeline/workout-plan-go/internal/domain/entities/user.go:48.2,48.12 1 2
github.com/reangeline/workout-plan-go/internal/domain/entities/user.go:40.22,42.3 1 1
github.com/reangeline/workout-plan-go/internal/domain/entities/user.go:44.19,46.3 1 0
github.com/reangeline/workout-plan-go/internal/infra/database/postgres/sqlc/user_query.sql.go:28.79,36.2 2 0
github.com/reangeline/workout-plan-go/internal/infra/database/postgres/sqlc/user_query.sql.go:43.84,53.2 4 0
github.com/reangeline/workout-plan-go/configs/config.go:17.45,25.16 8 0
github.com/reangeline/workout-plan-go/configs/config.go:28.2,29.16 2 0
github.com/reangeline/workout-plan-go/configs/config.go:32.2,32.17 1 0
github.com/reangeline/workout-plan-go/configs/config.go:25.16,26.13 1 0
github.com/reangeline/workout-plan-go/configs/config.go:29.16,30.13 1 0
github.com/reangeline/workout-plan-go/internal/infra/database/exercise_repository.go:17.64,22.2 1 0
github.com/reangeline/workout-plan-go/internal/infra/database/exercise_repository.go:24.94,26.16 2 0
github.com/reangeline/workout-plan-go/internal/infra/database/exercise_repository.go:29.2,31.16 3 0
github.com/reangeline/workout-plan-go/internal/infra/database/exercise_repository.go:37.2,37.20 1 0
github.com/reangeline/workout-plan-go/internal/infra/database/exercise_repository.go:26.16,28.3 1 0
github.com/reangeline/workout-plan-go/internal/infra/database/exercise_repository.go:31.16,32.43 1 0
github.com/reangeline/workout-plan-go/internal/infra/database/exercise_repository.go:35.3,35.13 1 0
github.com/reangeline/workout-plan-go/internal/infra/database/exercise_repository.go:32.43,34.4 1 0
github.com/reangeline/workout-plan-go/internal/infra/database/exercise_repository.go:40.101,42.51 1 0
github.com/reangeline/workout-plan-go/internal/infra/database/exercise_repository.go:71.2,71.16 1 0
github.com/reangeline/workout-plan-go/internal/infra/database/exercise_repository.go:75.2,75.12 1 0
github.com/reangeline/workout-plan-go/internal/infra/database/exercise_repository.go:42.51,52.17 3 0
github.com/reangeline/workout-plan-go/internal/infra/database/exercise_repository.go:56.3,56.46 1 0
github.com/reangeline/workout-plan-go/internal/infra/database/exercise_repository.go:67.3,67.13 1 0
github.com/reangeline/workout-plan-go/internal/infra/database/exercise_repository.go:52.17,54.4 1 0
github.com/reangeline/workout-plan-go/internal/infra/database/exercise_repository.go:56.46,62.18 2 0
github.com/reangeline/workout-plan-go/internal/infra/database/exercise_repository.go:62.18,64.5 1 0
github.com/reangeline/workout-plan-go/internal/infra/database/exercise_repository.go:71.16,74.3 2 0
github.com/reangeline/workout-plan-go/internal/infra/database/training_repository.go:17.64,22.2 1 0
github.com/reangeline/workout-plan-go/internal/infra/database/training_repository.go:24.94,26.16 2 0
github.com/reangeline/workout-plan-go/internal/infra/database/training_repository.go:29.2,31.16 3 0
github.com/reangeline/workout-plan-go/internal/infra/database/training_repository.go:37.2,37.20 1 0
github.com/reangeline/workout-plan-go/internal/infra/database/training_repository.go:26.16,28.3 1 0
github.com/reangeline/workout-plan-go/internal/infra/database/training_repository.go:31.16,32.43 1 0
github.com/reangeline/workout-plan-go/internal/infra/database/training_repository.go:35.3,35.13 1 0
github.com/reangeline/workout-plan-go/internal/infra/database/training_repository.go:32.43,34.4 1 0
github.com/reangeline/workout-plan-go/internal/infra/database/training_repository.go:40.101,42.51 1 0
github.com/reangeline/workout-plan-go/internal/infra/database/training_repository.go:57.2,57.16 1 0
github.com/reangeline/workout-plan-go/internal/infra/database/training_repository.go:61.2,61.12 1 0
github.com/reangeline/workout-plan-go/internal/infra/database/training_repository.go:42.51,49.17 2 0
github.com/reangeline/workout-plan-go/internal/infra/database/training_repository.go:53.3,53.13 1 0
github.com/reangeline/workout-plan-go/internal/infra/database/training_repository.go:49.17,51.4 1 0
github.com/reangeline/workout-plan-go/internal/infra/database/training_repository.go:57.16,60.3 2 0
github.com/reangeline/workout-plan-go/internal/infra/http/controllers/training_controller.go:20.23,25.2 1 0
github.com/reangeline/workout-plan-go/internal/infra/http/controllers/training_controller.go:37.85,42.16 4 0
github.com/reangeline/workout-plan-go/internal/infra/http/controllers/training_controller.go:49.2,50.16 2 0
github.com/reangeline/workout-plan-go/internal/infra/http/controllers/training_controller.go:55.2,57.16 3 0
github.com/reangeline/workout-plan-go/internal/infra/http/controllers/training_controller.go:62.2,62.35 1 0
github.com/reangeline/workout-plan-go/internal/infra/http/controllers/training_controller.go:42.16,47.3 4 0
github.com/reangeline/workout-plan-go/internal/infra/http/controllers/training_controller.go:50.16,53.3 2 0
github.com/reangeline/workout-plan-go/internal/infra/http/controllers/training_controller.go:57.16,60.3 2 0
github.com/reangeline/workout-plan-go/internal/infra/http/routes/training_routes.go:8.78,11.42 2 0
github.com/reangeline/workout-plan-go/internal/infra/http/routes/training_routes.go:15.2,15.10 1 0
github.com/reangeline/workout-plan-go/internal/infra/http/routes/training_routes.go:11.42,13.3 1 0
github.com/reangeline/workout-plan-go/internal/validation/validators/training_validator.go:9.48,11.2 1 0
github.com/reangeline/workout-plan-go/internal/validation/validators/training_validator.go:13.89,16.2 1 0
github.com/reangeline/workout-plan-go/cmd/app/wire_gen.go:28.88,34.2 5 0
github.com/reangeline/workout-plan-go/cmd/app/wire_gen.go:36.80,42.2 5 0
github.com/reangeline/workout-plan-go/cmd/app/wire_gen.go:44.88,50.2 5 0
github.com/reangeline/workout-plan-go/internal/domain/usecases/execise_usecase.go:17.20,19.2 1 1
github.com/reangeline/workout-plan-go/internal/domain/usecases/execise_usecase.go:21.102,23.16 2 1
github.com/reangeline/workout-plan-go/internal/domain/usecases/execise_usecase.go:27.2,27.75 1 1
github.com/reangeline/workout-plan-go/internal/domain/usecases/execise_usecase.go:31.2,31.12 1 1
github.com/reangeline/workout-plan-go/internal/domain/usecases/execise_usecase.go:23.16,25.3 1 0
github.com/reangeline/workout-plan-go/internal/domain/usecases/execise_usecase.go:27.75,29.3 1 0
github.com/reangeline/workout-plan-go/internal/infra/database/postgres/sqlc/training_query.sql.go:26.87,29.2 2 0
github.com/reangeline/workout-plan-go/internal/infra/database/training_repository.go:17.64,22.2 1 0
github.com/reangeline/workout-plan-go/internal/infra/database/training_repository.go:24.94,26.16 2 0
github.com/reangeline/workout-plan-go/internal/infra/database/training_repository.go:29.2,31.16 3 0
github.com/reangeline/workout-plan-go/internal/infra/database/training_repository.go:37.2,37.20 1 0
github.com/reangeline/workout-plan-go/internal/infra/database/training_repository.go:26.16,28.3 1 0
github.com/reangeline/workout-plan-go/internal/infra/database/training_repository.go:31.16,32.43 1 0
github.com/reangeline/workout-plan-go/internal/infra/database/training_repository.go:35.3,35.13 1 0
github.com/reangeline/workout-plan-go/internal/infra/database/training_repository.go:32.43,34.4 1 0
github.com/reangeline/workout-plan-go/internal/infra/database/training_repository.go:40.101,42.51 1 0
github.com/reangeline/workout-plan-go/internal/infra/database/training_repository.go:57.2,57.16 1 0
github.com/reangeline/workout-plan-go/internal/infra/database/training_repository.go:61.2,61.12 1 0
github.com/reangeline/workout-plan-go/internal/infra/database/training_repository.go:42.51,49.17 2 0
github.com/reangeline/workout-plan-go/internal/infra/database/training_repository.go:53.3,53.13 1 0
github.com/reangeline/workout-plan-go/internal/infra/database/training_repository.go:49.17,51.4 1 0
github.com/reangeline/workout-plan-go/internal/infra/database/training_repository.go:57.16,60.3 2 0
github.com/reangeline/workout-plan-go/internal/infra/http/controllers/user_controller.go:21.131,26.2 1 0
github.com/reangeline/workout-plan-go/internal/infra/http/controllers/user_controller.go:38.77,43.16 4 0
github.com/reangeline/workout-plan-go/internal/infra/http/controllers/user_controller.go:50.2,51.16 2 0
github.com/reangeline/workout-plan-go/internal/infra/http/controllers/user_controller.go:56.2,58.16 3 0
github.com/reangeline/workout-plan-go/internal/infra/http/controllers/user_controller.go:63.2,63.35 1 0
github.com/reangeline/workout-plan-go/internal/infra/http/controllers/user_controller.go:43.16,48.3 4 0
github.com/reangeline/workout-plan-go/internal/infra/http/controllers/user_controller.go:51.16,54.3 2 0
github.com/reangeline/workout-plan-go/internal/infra/http/controllers/user_controller.go:58.16,61.3 2 0
github.com/reangeline/workout-plan-go/internal/infra/http/routes/training_routes.go:8.78,11.42 2 0
github.com/reangeline/workout-plan-go/internal/infra/http/routes/training_routes.go:15.2,15.10 1 0
github.com/reangeline/workout-plan-go/internal/infra/http/routes/training_routes.go:11.42,13.3 1 0
github.com/reangeline/workout-plan-go/internal/infra/http/routes/user_routes.go:8.70,11.39 2 0
github.com/reangeline/workout-plan-go/internal/infra/http/routes/user_routes.go:15.2,15.10 1 0
github.com/reangeline/workout-plan-go/internal/infra/http/routes/user_routes.go:11.39,13.3 1 0
github.com/reangeline/workout-plan-go/internal/infra/database/postgres/sqlc/db.go:19.28,21.2 1 0
github.com/reangeline/workout-plan-go/internal/infra/database/postgres/sqlc/db.go:27.47,31.2 1 0
github.com/reangeline/workout-plan-go/internal/infra/database/postgres/sqlc/exercise_query.sql.go:27.87,35.2 2 0
github.com/reangeline/workout-plan-go/internal/infra/database/postgres/sqlc/exercise_query.sql.go:48.111,51.2 2 0
github.com/reangeline/workout-plan-go/internal/validation/validators/training_validator.go:9.48,11.2 1 0
github.com/reangeline/workout-plan-go/internal/validation/validators/training_validator.go:13.89,16.2 1 0
github.com/reangeline/workout-plan-go/internal/domain/entities/training_user.go:13.68,24.16 3 0
github.com/reangeline/workout-plan-go/internal/domain/entities/training_user.go:28.2,28.28 1 0
github.com/reangeline/workout-plan-go/internal/domain/entities/training_user.go:24.16,26.3 1 0
github.com/reangeline/workout-plan-go/internal/domain/entities/training_user.go:31.42,34.2 1 0
github.com/reangeline/workout-plan-go/docs/docs.go:210.13,212.2 1 1
github.com/reangeline/workout-plan-go/internal/domain/entities/exercise.go:17.118,27.16 3 1
github.com/reangeline/workout-plan-go/internal/domain/entities/exercise.go:31.2,33.22 2 1
github.com/reangeline/workout-plan-go/internal/domain/entities/exercise.go:27.16,29.3 1 0
github.com/reangeline/workout-plan-go/internal/domain/entities/exercise.go:36.28,38.2 1 1
github.com/reangeline/workout-plan-go/internal/domain/entities/exercise.go:40.36,41.26 1 1
github.com/reangeline/workout-plan-go/internal/domain/entities/exercise.go:45.2,45.29 1 1
github.com/reangeline/workout-plan-go/internal/domain/entities/exercise.go:50.2,50.25 1 1
github.com/reangeline/workout-plan-go/internal/domain/entities/exercise.go:54.2,54.20 1 1
github.com/reangeline/workout-plan-go/internal/domain/entities/exercise.go:57.2,57.12 1 1
github.com/reangeline/workout-plan-go/internal/domain/entities/exercise.go:41.26,43.3 1 0
github.com/reangeline/workout-plan-go/internal/domain/entities/exercise.go:45.29,48.3 1 0
github.com/reangeline/workout-plan-go/internal/domain/entities/exercise.go:50.25,52.3 1 0
github.com/reangeline/workout-plan-go/internal/domain/entities/exercise.go:54.20,56.3 1 0
github.com/reangeline/workout-plan-go/internal/infra/database/postgres/sqlc/user_query.sql.go:28.79,36.2 2 0
github.com/reangeline/workout-plan-go/internal/infra/database/postgres/sqlc/user_query.sql.go:43.84,53.2 4 0
github.com/reangeline/workout-plan-go/configs/config.go:17.45,25.16 8 0
github.com/reangeline/workout-plan-go/configs/config.go:28.2,29.16 2 0
github.com/reangeline/workout-plan-go/configs/config.go:32.2,32.17 1 0
github.com/reangeline/workout-plan-go/configs/config.go:25.16,26.13 1 0
github.com/reangeline/workout-plan-go/configs/config.go:29.16,30.13 1 0
github.com/reangeline/workout-plan-go/tests/unit/internal/infra/database/exercise_repository_memory.go:13.62,17.2 1 1
github.com/reangeline/workout-plan-go/tests/unit/internal/infra/database/exercise_repository_memory.go:19.107,22.2 2 1
github.com/reangeline/workout-plan-go/internal/infra/http/routes/exercise_routes.go:8.78,11.43 2 0
github.com/reangeline/workout-plan-go/internal/infra/http/routes/exercise_routes.go:15.2,15.10 1 0
github.com/reangeline/workout-plan-go/internal/infra/http/routes/exercise_routes.go:11.43,13.3 1 0
github.com/reangeline/workout-plan-go/internal/domain/usecases/user_usecase.go:16.87,18.2 1 1
github.com/reangeline/workout-plan-go/internal/domain/usecases/user_usecase.go:24.90,28.13 2 2
github.com/reangeline/workout-plan-go/internal/domain/usecases/user_usecase.go:32.2,33.16 2 1
github.com/reangeline/workout-plan-go/internal/domain/usecases/user_usecase.go:37.2,37.63 1 1
github.com/reangeline/workout-plan-go/internal/domain/usecases/user_usecase.go:41.2,41.12 1 1
github.com/reangeline/workout-plan-go/internal/domain/usecases/user_usecase.go:28.13,30.3 1 1
github.com/reangeline/workout-plan-go/internal/domain/usecases/user_usecase.go:33.16,35.3 1 0
github.com/reangeline/workout-plan-go/internal/domain/usecases/user_usecase.go:37.63,39.3 1 0
github.com/reangeline/workout-plan-go/internal/domain/usecases/user_usecase.go:44.68,46.16 2 2
github.com/reangeline/workout-plan-go/internal/domain/usecases/user_usecase.go:50.2,50.27 1 1
github.com/reangeline/workout-plan-go/internal/domain/usecases/user_usecase.go:54.2,54.18 1 1
github.com/reangeline/workout-plan-go/internal/domain/usecases/user_usecase.go:46.16,48.3 1 1
github.com/reangeline/workout-plan-go/internal/domain/usecases/user_usecase.go:50.27,52.3 1 0
github.com/reangeline/workout-plan-go/internal/domain/usecases/user_usecase.go:57.78,60.16 2 1
github.com/reangeline/workout-plan-go/internal/domain/usecases/user_usecase.go:64.2,64.18 1 1
github.com/reangeline/workout-plan-go/internal/domain/usecases/user_usecase.go:60.16,62.3 1 0
github.com/reangeline/workout-plan-go/internal/validation/validators/user_validator.go:12.40,14.2 1 0
github.com/reangeline/workout-plan-go/internal/validation/validators/user_validator.go:16.73,18.40 1 0
github.com/reangeline/workout-plan-go/internal/validation/validators/user_validator.go:22.2,22.12 1 0
github.com/reangeline/workout-plan-go/internal/validation/validators/user_validator.go:18.40,20.3 1 0
github.com/reangeline/workout-plan-go/cmd/app/main.go:30.13,32.16 2 0
github.com/reangeline/workout-plan-go/cmd/app/main.go:36.2,43.16 4 0
github.com/reangeline/workout-plan-go/cmd/app/main.go:47.2,48.16 2 0
github.com/reangeline/workout-plan-go/cmd/app/main.go:52.2,53.16 2 0
github.com/reangeline/workout-plan-go/cmd/app/main.go:57.2,58.16 2 0
github.com/reangeline/workout-plan-go/cmd/app/main.go:62.2,69.18 6 0
github.com/reangeline/workout-plan-go/cmd/app/main.go:32.16,33.17 1 0
github.com/reangeline/workout-plan-go/cmd/app/main.go:43.16,44.13 1 0
github.com/reangeline/workout-plan-go/cmd/app/main.go:48.16,50.3 1 0
github.com/reangeline/workout-plan-go/cmd/app/main.go:53.16,55.3 1 0
github.com/reangeline/workout-plan-go/cmd/app/main.go:58.16,60.3 1 0
github.com/reangeline/workout-plan-go/internal/domain/usecases/training_usecase.go:15.103,17.2 1 0
github.com/reangeline/workout-plan-go/internal/domain/usecases/training_usecase.go:19.102,22.16 2 0
github.com/reangeline/workout-plan-go/internal/domain/usecases/training_usecase.go:26.2,26.75 1 0
github.com/reangeline/workout-plan-go/internal/domain/usecases/training_usecase.go:30.2,30.12 1 0
github.com/reangeline/workout-plan-go/internal/domain/usecases/training_usecase.go:22.16,24.3 1 0
github.com/reangeline/workout-plan-go/internal/domain/usecases/training_usecase.go:26.75,28.3 1 0
github.com/reangeline/workout-plan-go/internal/infra/database/exercise_repository.go:17.64,22.2 1 0
github.com/reangeline/workout-plan-go/internal/infra/database/exercise_repository.go:24.94,26.16 2 0
github.com/reangeline/workout-plan-go/internal/infra/database/exercise_repository.go:29.2,31.16 3 0
github.com/reangeline/workout-plan-go/internal/infra/database/exercise_repository.go:37.2,37.20 1 0
github.com/reangeline/workout-plan-go/internal/infra/database/exercise_repository.go:26.16,28.3 1 0
github.com/reangeline/workout-plan-go/internal/infra/database/exercise_repository.go:31.16,32.43 1 0
github.com/reangeline/workout-plan-go/internal/infra/database/exercise_repository.go:35.3,35.13 1 0
github.com/reangeline/workout-plan-go/internal/infra/database/exercise_repository.go:32.43,34.4 1 0
github.com/reangeline/workout-plan-go/internal/infra/database/exercise_repository.go:40.101,42.51 1 0
github.com/reangeline/workout-plan-go/internal/infra/database/exercise_repository.go:71.2,71.16 1 0
github.com/reangeline/workout-plan-go/internal/infra/database/exercise_repository.go:75.2,75.12 1 0
github.com/reangeline/workout-plan-go/internal/infra/database/exercise_repository.go:42.51,52.17 3 0
github.com/reangeline/workout-plan-go/internal/infra/database/exercise_repository.go:56.3,56.46 1 0
github.com/reangeline/workout-plan-go/internal/infra/database/exercise_repository.go:67.3,67.13 1 0
github.com/reangeline/workout-plan-go/internal/infra/database/exercise_repository.go:52.17,54.4 1 0
github.com/reangeline/workout-plan-go/internal/infra/database/exercise_repository.go:56.46,62.18 2 0
github.com/reangeline/workout-plan-go/internal/infra/database/exercise_repository.go:62.18,64.5 1 0
github.com/reangeline/workout-plan-go/internal/infra/database/exercise_repository.go:71.16,74.3 2 0
github.com/reangeline/workout-plan-go/internal/infra/http/controllers/exercise_controller.go:17.155,22.2 1 0
github.com/reangeline/workout-plan-go/internal/infra/http/controllers/exercise_controller.go:34.85,39.16 4 0
github.com/reangeline/workout-plan-go/internal/infra/http/controllers/exercise_controller.go:52.2,54.16 3 0
github.com/reangeline/workout-plan-go/internal/infra/http/controllers/exercise_controller.go:59.2,59.35 1 0
github.com/reangeline/workout-plan-go/internal/infra/http/controllers/exercise_controller.go:39.16,44.3 4 0
github.com/reangeline/workout-plan-go/internal/infra/http/controllers/exercise_controller.go:54.16,57.3 2 0
github.com/reangeline/workout-plan-go/internal/validation/validators/exercise_validator.go:9.48,11.2 1 0
github.com/reangeline/workout-plan-go/internal/validation/validators/exercise_validator.go:13.89,16.2 1 0
github.com/reangeline/workout-plan-go/pkg/entities/id.go:7.17,9.2 1 2
github.com/reangeline/workout-plan-go/pkg/entities/id.go:11.36,14.2 2 0
github.com/reangeline/workout-plan-go/internal/domain/entities/user.go:16.85,27.16 4 1
github.com/reangeline/workout-plan-go/internal/domain/entities/user.go:31.2,31.18 1 1
github.com/reangeline/workout-plan-go/internal/domain/entities/user.go:27.16,29.3 1 0
github.com/reangeline/workout-plan-go/internal/domain/entities/user.go:34.24,36.2 1 1
github.com/reangeline/workout-plan-go/internal/domain/entities/user.go:38.32,40.22 1 1
github.com/reangeline/workout-plan-go/internal/domain/entities/user.go:44.2,44.19 1 1
github.com/reangeline/workout-plan-go/internal/domain/entities/user.go:48.2,48.12 1 1
github.com/reangeline/workout-plan-go/internal/domain/entities/user.go:40.22,42.3 1 0
github.com/reangeline/workout-plan-go/internal/domain/entities/user.go:44.19,46.3 1 0
github.com/reangeline/workout-plan-go/internal/infra/database/user_repository.go:18.56,23.2 1 0
github.com/reangeline/workout-plan-go/internal/infra/database/user_repository.go:25.90,27.16 2 0
github.com/reangeline/workout-plan-go/internal/infra/database/user_repository.go:30.2,32.16 3 0
github.com/reangeline/workout-plan-go/internal/infra/database/user_repository.go:38.2,38.20 1 0
github.com/reangeline/workout-plan-go/internal/infra/database/user_repository.go:27.16,29.3 1 0
github.com/reangeline/workout-plan-go/internal/infra/database/user_repository.go:32.16,33.43 1 0
github.com/reangeline/workout-plan-go/internal/infra/database/user_repository.go:36.3,36.13 1 0
github.com/reangeline/workout-plan-go/internal/infra/database/user_repository.go:33.43,35.4 1 0
github.com/reangeline/workout-plan-go/internal/infra/database/user_repository.go:41.85,43.51 1 0
github.com/reangeline/workout-plan-go/internal/infra/database/user_repository.go:62.2,62.16 1 0
github.com/reangeline/workout-plan-go/internal/infra/database/user_repository.go:66.2,66.12 1 0
github.com/reangeline/workout-plan-go/internal/infra/database/user_repository.go:43.51,54.17 4 0
github.com/reangeline/workout-plan-go/internal/infra/database/user_repository.go:58.3,58.13 1 0
github.com/reangeline/workout-plan-go/internal/infra/database/user_repository.go:54.17,56.4 1 0
github.com/reangeline/workout-plan-go/internal/infra/database/user_repository.go:62.16,65.3 2 0
github.com/reangeline/workout-plan-go/internal/infra/database/user_repository.go:69.81,72.16 3 0
github.com/reangeline/workout-plan-go/internal/infra/database/user_repository.go:76.2,81.8 1 0
github.com/reangeline/workout-plan-go/internal/infra/database/user_repository.go:72.16,74.3 1 0
github.com/reangeline/workout-plan-go/internal/infra/http/controllers/training_controller.go:20.23,25.2 1 0
github.com/reangeline/workout-plan-go/internal/infra/http/controllers/training_controller.go:37.85,42.16 4 0
github.com/reangeline/workout-plan-go/internal/infra/http/controllers/training_controller.go:49.2,50.16 2 0
github.com/reangeline/workout-plan-go/internal/infra/http/controllers/training_controller.go:55.2,57.16 3 0
github.com/reangeline/workout-plan-go/internal/infra/http/controllers/training_controller.go:62.2,62.35 1 0
github.com/reangeline/workout-plan-go/internal/infra/http/controllers/training_controller.go:42.16,47.3 4 0
github.com/reangeline/workout-plan-go/internal/infra/http/controllers/training_controller.go:50.16,53.3 2 0
github.com/reangeline/workout-plan-go/internal/infra/http/controllers/training_controller.go:57.16,60.3 2 0
github.com/reangeline/workout-plan-go/cmd/app/wire_gen.go:28.88,34.2 5 0
github.com/reangeline/workout-plan-go/cmd/app/wire_gen.go:36.80,42.2 5 0
github.com/reangeline/workout-plan-go/cmd/app/wire_gen.go:44.88,50.2 5 0
github.com/reangeline/workout-plan-go/tests/unit/internal/infra/database/user_repository_memory.go:15.54,19.2 1 1
github.com/reangeline/workout-plan-go/tests/unit/internal/infra/database/user_repository_memory.go:21.91,24.2 2 1
github.com/reangeline/workout-plan-go/tests/unit/internal/infra/database/user_repository_memory.go:26.87,29.9 2 3
github.com/reangeline/workout-plan-go/tests/unit/internal/infra/database/user_repository_memory.go:33.2,38.8 1 2
github.com/reangeline/workout-plan-go/tests/unit/internal/infra/database/user_repository_memory.go:29.9,31.3 1 1
github.com/reangeline/workout-plan-go/internal/domain/entities/training.go:15.78,23.16 3 0
github.com/reangeline/workout-plan-go/internal/domain/entities/training.go:27.2,27.22 1 0
github.com/reangeline/workout-plan-go/internal/domain/entities/training.go:23.16,25.3 1 0
github.com/reangeline/workout-plan-go/internal/domain/entities/training.go:30.28,32.2 1 0
github.com/reangeline/workout-plan-go/internal/domain/entities/training.go:34.36,36.25 1 0
github.com/reangeline/workout-plan-go/internal/domain/entities/training.go:39.2,39.12 1 0
github.com/reangeline/workout-plan-go/internal/domain/entities/training.go:36.25,38.3 1 0
